[2023-10-02 14:22:05.786631 +02:00] INFO [client] client\src\lib.rs:325: Event handler registered
[2023-10-02 14:22:05.788093 +02:00] INFO [api] api\src\lib.rs:45: API is listening on 0.0.0.0:9090
[2023-10-02 14:22:06.802121 +02:00] INFO [core] core\src\main.rs:254: Client started
[2023-10-02 14:22:07.105331 +02:00] INFO [core] core\src\main.rs:39: Shard 0 ready
[2023-10-02 14:22:07.105395 +02:00] INFO [core] core\src\main.rs:46: Connected as Kady Alpha
[[38;5;208m2023-10-02 14:22:12.440050 +02:00[0m] [38;5;208mWARN[0m [client::manager::http] client\src\manager\http.rs:209: [38;5;208mRate limited, retrying in 2.619ms[0m
[[38;5;208m2023-10-02 14:22:15.510300 +02:00[0m] [38;5;208mWARN[0m [client::manager::http] client\src\manager\http.rs:209: [38;5;208mRate limited, retrying in 3.549ms[0m
[[38;5;208m2023-10-02 14:22:19.559493 +02:00[0m] [38;5;208mWARN[0m [client::manager::http] client\src\manager\http.rs:209: [38;5;208mRate limited, retrying in 3.518ms[0m
[[38;5;208m2023-10-02 14:22:23.539205 +02:00[0m] [38;5;208mWARN[0m [client::manager::http] client\src\manager\http.rs:209: [38;5;208mRate limited, retrying in 3.528ms[0m
[[38;5;208m2023-10-02 14:22:27.519447 +02:00[0m] [38;5;208mWARN[0m [client::manager::http] client\src\manager\http.rs:209: [38;5;208mRate limited, retrying in 3.537ms[0m
[[38;5;208m2023-10-02 14:22:31.712684 +02:00[0m] [38;5;208mWARN[0m [client::manager::http] client\src\manager\http.rs:209: [38;5;208mRate limited, retrying in 3.344ms[0m
[[38;5;208m2023-10-02 14:22:35.546462 +02:00[0m] [38;5;208mWARN[0m [client::manager::http] client\src\manager\http.rs:209: [38;5;208mRate limited, retrying in 3.516ms[0m
[[38;5;208m2023-10-02 14:22:39.656176 +02:00[0m] [38;5;208mWARN[0m [client::manager::http] client\src\manager\http.rs:209: [38;5;208mRate limited, retrying in 3.409ms[0m
[[38;5;208m2023-10-02 14:22:43.499408 +02:00[0m] [38;5;208mWARN[0m [client::manager::http] client\src\manager\http.rs:209: [38;5;208mRate limited, retrying in 3.56ms[0m
[[38;5;208m2023-10-02 14:22:47.537435 +02:00[0m] [38;5;208mWARN[0m [client::manager::http] client\src\manager\http.rs:209: [38;5;208mRate limited, retrying in 3.541ms[0m
[2023-10-02 14:22:51.543872 +02:00] INFO [core::application_commands_manager] core\src\application_commands_manager.rs:73: All global commands have been deleted
[[38;5;208m2023-10-02 14:22:51.989566 +02:00[0m] [38;5;208mWARN[0m [client::manager::http] client\src\manager\http.rs:209: [38;5;208mRate limited, retrying in 3.118ms[0m
[[38;5;208m2023-10-02 14:22:55.536121 +02:00[0m] [38;5;208mWARN[0m [client::manager::http] client\src\manager\http.rs:209: [38;5;208mRate limited, retrying in 3.521ms[0m
[[38;5;208m2023-10-02 14:22:59.638176 +02:00[0m] [38;5;208mWARN[0m [client::manager::http] client\src\manager\http.rs:209: [38;5;208mRate limited, retrying in 3.424ms[0m
[[38;5;208m2023-10-02 14:23:03.593246 +02:00[0m] [38;5;208mWARN[0m [client::manager::http] client\src\manager\http.rs:209: [38;5;208mRate limited, retrying in 3.474ms[0m
[2023-10-02 14:23:07.288131 +02:00] INFO [core::application_commands_manager] core\src\application_commands_manager.rs:81: All guild commands have been deleted
[2023-10-02 14:23:07.288238 +02:00] INFO [core::application_commands_manager] core\src\application_commands_manager.rs:82: All application commands are gone
[2023-10-02 14:23:07.288578 +02:00] INFO [core::application_commands_manager] core\src\application_commands_manager.rs:89: Creating all slash commands for Common
[2023-10-02 14:23:08.556012 +02:00] INFO [core::application_commands_manager] core\src\application_commands_manager.rs:116: All slash commands in the Common have been created
[2023-10-02 14:23:08.556074 +02:00] INFO [core::application_commands_manager] core\src\application_commands_manager.rs:89: Creating all slash commands for Tools
[[38;5;208m2023-10-02 14:23:09.672959 +02:00[0m] [38;5;208mWARN[0m [client::manager::http] client\src\manager\http.rs:209: [38;5;208mRate limited, retrying in 1.846ms[0m
[[38;5;208m2023-10-02 14:23:12.107880 +02:00[0m] [38;5;208mWARN[0m [client::manager::http] client\src\manager\http.rs:209: [38;5;208mRate limited, retrying in 3.409ms[0m
[2023-10-02 14:23:16.109416 +02:00] INFO [core::application_commands_manager] core\src\application_commands_manager.rs:116: All slash commands in the Tools have been created
[2023-10-02 14:23:16.109477 +02:00] INFO [core::application_commands_manager] core\src\application_commands_manager.rs:89: Creating all slash commands for Fun
[[38;5;208m2023-10-02 14:23:16.291718 +02:00[0m] [38;5;208mWARN[0m [client::manager::http] client\src\manager\http.rs:209: [38;5;208mRate limited, retrying in 3.231ms[0m
[[38;5;208m2023-10-02 14:23:20.089201 +02:00[0m] [38;5;208mWARN[0m [client::manager::http] client\src\manager\http.rs:209: [38;5;208mRate limited, retrying in 3.427ms[0m
[[38;5;208m2023-10-02 14:23:24.124486 +02:00[0m] [38;5;208mWARN[0m [client::manager::http] client\src\manager\http.rs:209: [38;5;208mRate limited, retrying in 3.406ms[0m
[[38;5;208m2023-10-02 14:23:28.128566 +02:00[0m] [38;5;208mWARN[0m [client::manager::http] client\src\manager\http.rs:209: [38;5;208mRate limited, retrying in 3.395ms[0m
[2023-10-02 14:23:32.104875 +02:00] INFO [core::application_commands_manager] core\src\application_commands_manager.rs:116: All slash commands in the Fun have been created
[2023-10-02 14:23:32.104938 +02:00] INFO [core::application_commands_manager] core\src\application_commands_manager.rs:89: Creating all slash commands for Dev
[2023-10-02 14:23:32.973689 +02:00] INFO [core::application_commands_manager] core\src\application_commands_manager.rs:116: All slash commands in the Dev have been created
[2023-10-02 14:23:32.973752 +02:00] INFO [core::application_commands_manager] core\src\application_commands_manager.rs:119: All commands had been updated
